Environment variables:
  - ANDROID_HOME=/Users/hbao/Library/Android/sdk
  - APP_ICON_77750=/Users/hbao/code/workshop/DockerTest/webdemo/media/gradle.icns
  - APP_NAME_77750=Gradle
  - AUTOJUMP_ERROR_PATH=/Users/hbao/Library/autojump/errors.log
  - AUTOJUMP_SOURCED=1
  - Apple_PubSub_Socket_Render=/private/tmp/com.apple.launchd.VBN0HO3xcn/Render
  - COLORFGBG=7;0
  - COLORTERM=truecolor
  - COMMAND_MODE=unix2003
  - GEM_HOME=/Users/hbao/.rvm/gems/ruby-2.2.0
  - GEM_PATH=/Users/hbao/.rvm/gems/ruby-2.2.0:/Users/hbao/.rvm/gems/ruby-2.2.0@global
  - HOME=/Users/hbao
  - IRBRC=/Users/hbao/.rvm/rubies/ruby-2.2.0/.irbrc
  - ITERM_PROFILE=Default
  - ITERM_SESSION_ID=w1t0p0:01010892-7D79-4560-9108-542594B5D8B4
  - JAVA_HOME=/Library/Java/JavaVirtualMachines/jdk1.8.0_144.jdk/Contents/Home
  - JAVA_MAIN_CLASS_77750=org.gradle.wrapper.GradleWrapperMain
  - LC_CTYPE=UTF-8
  - LESS=-R
  - LOGNAME=hbao
  - LSCOLORS=Gxfxcxdxbxegedabagacad
  - MIGRATIONS=/Users/hbao/Documents/mybatis-migrations-3.2.1/bin
  - MIGRATIONS_HOME=/Users/hbao/Documents/mybatis-migrations-3.2.1
  - MY_RUBY_HOME=/Users/hbao/.rvm/rubies/ruby-2.2.0
  - NVM_CD_FLAGS=-q
  - NVM_DIR=/Users/hbao/.nvm
  - NVM_IOJS_ORG_MIRROR=https://iojs.org/dist
  - NVM_NODEJS_ORG_MIRROR=https://nodejs.org/dist
  - NVM_RC_VERSION=
  - OLDPWD=/Users/hbao/code/workshop/DockerTest/webdemo
  - PAGER=less
  - PATH=/Users/hbao/.rvm/gems/ruby-2.2.0/bin:/Users/hbao/.rvm/gems/ruby-2.2.0@global/bin:/Users/hbao/.rvm/rubies/ruby-2.2.0/bin:/Users/hbao/Documents/mybatis-migrations-3.2.1/bin:/usr/local/bin:/usr/bin:/bin:/usr/sbin:/sbin:/Library/Java/JavaVirtualMachines/jdk1.8.0_144.jdk/Contents/Home/bin:/Users/hbao/Downloads/phantomjs-2.1.1-macosx/bin/:/Users/hbao/Library/Android/sdk/tools:/Users/hbao/Library/Android/sdk/platform-tools:/Users/hbao/.rvm/bin
  - PWD=/Users/hbao/code/workshop/DockerTest/webdemo
  - RUBY_VERSION=ruby-2.2.0
  - SECURITYSESSIONID=186a6
  - SHELL=/bin/zsh
  - SHLVL=1
  - SSH_AUTH_SOCK=/private/tmp/com.apple.launchd.St9dzqjM5u/Listeners
  - TERM=xterm-256color
  - TERM_PROGRAM=iTerm.app
  - TERM_PROGRAM_VERSION=3.1.beta.9
  - TERM_SESSION_ID=w1t0p0:01010892-7D79-4560-9108-542594B5D8B4
  - TMPDIR=/var/folders/p9/6fbbl99j70lcy739k9_n2hfw0000gn/T/
  - USER=hbao
  - XPC_FLAGS=0x0
  - XPC_SERVICE_NAME=0
  - ZSH=/Users/hbao/.oh-my-zsh
  - __CF_USER_TEXT_ENCODING=0x1F5:0x0:0x0
  - _system_arch=x86_64
  - _system_name=OSX
  - _system_type=Darwin
  - _system_version=10.12
  - rvm_alias_expanded=
  - rvm_bin_flag=
  - rvm_bin_path=/Users/hbao/.rvm/bin
  - rvm_docs_type=
  - rvm_gemstone_package_file=
  - rvm_gemstone_url=
  - rvm_hook=
  - rvm_niceness=
  - rvm_nightly_flag=
  - rvm_only_path_flag=
  - rvm_path=/Users/hbao/.rvm
  - rvm_prefix=/Users/hbao
  - rvm_proxy=
  - rvm_quiet_flag=
  - rvm_ruby_bits=
  - rvm_ruby_file=
  - rvm_ruby_make=
  - rvm_ruby_make_install=
  - rvm_ruby_mode=
  - rvm_script_name=
  - rvm_sdk=
  - rvm_silent_flag=
  - rvm_use_flag=
  - rvm_version=1.29.1 (latest)
  - rvm_wrapper_name=
System properties:
  - awt.toolkit=sun.lwawt.macosx.LWCToolkit
  - file.encoding=UTF-8
  - file.encoding.pkg=sun.io
  - file.separator=/
  - ftp.nonProxyHosts=local|*.local|169.254/16|*.169.254/16
  - gopherProxySet=false
  - http.nonProxyHosts=local|*.local|169.254/16|*.169.254/16
  - java.awt.graphicsenv=sun.awt.CGraphicsEnvironment
  - java.awt.printerjob=sun.lwawt.macosx.CPrinterJob
  - java.class.path=/Users/hbao/.gradle/wrapper/dists/gradle-3.5-bin/daoimhu7k5rlo48ntmxw2ok3e/gradle-3.5/lib/gradle-launcher-3.5.jar
  - java.class.version=52.0
  - java.endorsed.dirs=/Library/Java/JavaVirtualMachines/jdk1.8.0_144.jdk/Contents/Home/jre/lib/endorsed
  - java.ext.dirs=/Users/hbao/Library/Java/Extensions:/Library/Java/JavaVirtualMachines/jdk1.8.0_144.jdk/Contents/Home/jre/lib/ext:/Library/Java/Extensions:/Network/Library/Java/Extensions:/System/Library/Java/Extensions:/usr/lib/java
  - java.home=/Library/Java/JavaVirtualMachines/jdk1.8.0_144.jdk/Contents/Home/jre
  - java.io.tmpdir=/var/folders/p9/6fbbl99j70lcy739k9_n2hfw0000gn/T/
  - java.library.path=/Users/hbao/Library/Java/Extensions:/Library/Java/Extensions:/Network/Library/Java/Extensions:/System/Library/Java/Extensions:/usr/lib/java:.
  - java.runtime.name=Java(TM) SE Runtime Environment
  - java.runtime.version=1.8.0_144-b01
  - java.specification.name=Java Platform API Specification
  - java.specification.vendor=Oracle Corporation
  - java.specification.version=1.8
  - java.vendor=Oracle Corporation
  - java.vendor.url=http://java.oracle.com/
  - java.vendor.url.bug=http://bugreport.sun.com/bugreport/
  - java.version=1.8.0_144
  - java.vm.info=mixed mode
  - java.vm.name=Java HotSpot(TM) 64-Bit Server VM
  - java.vm.specification.name=Java Virtual Machine Specification
  - java.vm.specification.vendor=Oracle Corporation
  - java.vm.specification.version=1.8
  - java.vm.vendor=Oracle Corporation
  - java.vm.version=25.144-b01
  - library.jansi.path=/Users/hbao/.gradle/native/jansi/1.14/osx
  - line.separator=

  - org.gradle.appname=gradlew
  - os.arch=x86_64
  - os.name=Mac OS X
  - os.version=10.12.6
  - path.separator=:
  - socksNonProxyHosts=local|*.local|169.254/16|*.169.254/16
  - sun.arch.data.model=64
  - sun.boot.class.path=/Library/Java/JavaVirtualMachines/jdk1.8.0_144.jdk/Contents/Home/jre/lib/resources.jar:/Library/Java/JavaVirtualMachines/jdk1.8.0_144.jdk/Contents/Home/jre/lib/rt.jar:/Library/Java/JavaVirtualMachines/jdk1.8.0_144.jdk/Contents/Home/jre/lib/sunrsasign.jar:/Library/Java/JavaVirtualMachines/jdk1.8.0_144.jdk/Contents/Home/jre/lib/jsse.jar:/Library/Java/JavaVirtualMachines/jdk1.8.0_144.jdk/Contents/Home/jre/lib/jce.jar:/Library/Java/JavaVirtualMachines/jdk1.8.0_144.jdk/Contents/Home/jre/lib/charsets.jar:/Library/Java/JavaVirtualMachines/jdk1.8.0_144.jdk/Contents/Home/jre/lib/jfr.jar:/Library/Java/JavaVirtualMachines/jdk1.8.0_144.jdk/Contents/Home/jre/classes
  - sun.boot.library.path=/Library/Java/JavaVirtualMachines/jdk1.8.0_144.jdk/Contents/Home/jre/lib
  - sun.cpu.endian=little
  - sun.cpu.isalist=
  - sun.io.unicode.encoding=UnicodeBig
  - sun.java.command=org.gradle.launcher.daemon.bootstrap.GradleDaemon 3.5
  - sun.java.launcher=SUN_STANDARD
  - sun.jnu.encoding=UTF-8
  - sun.management.compiler=HotSpot 64-Bit Tiered Compilers
  - sun.os.patch.level=unknown
  - user.country=US
  - user.country.format=CN
  - user.dir=/Users/hbao/code/workshop/DockerTest/webdemo
  - user.home=/Users/hbao
  - user.language=en
  - user.name=hbao
  - user.timezone=Asia/Shanghai
  - user.variant=
SonarQube plugins:
  - C# 5.10.1.1411 (csharp)
  - SonarPython 1.8.0.1496 (python)
  - SonarJava 4.12.0.11033 (java)
  - Flex 2.3 (flex)
  - Git 1.2 (scmgit)
  - SonarXML 1.4.3.1027 (xml)
  - SonarPHP 2.10.0.2087 (php)
  - SVN 1.5.0.715 (scmsvn)
  - SonarJS 3.1.1.5128 (javascript)
Global properties:
  - sonar.core.id=AV6AEJ8a3NUXS4kk3Pj5
  - sonar.core.startTime=2017-09-18T19:41:12+0800
Settings for module: webdemo
  - sonar.binaries=/Users/hbao/code/workshop/DockerTest/webdemo/build/classes/main
  - sonar.host.url=http://localhost:9000
  - sonar.jacoco.reportPath=/Users/hbao/code/workshop/DockerTest/webdemo/build/jacoco/jacocoTest.exec
  - sonar.jacoco.reportPaths=/Users/hbao/code/workshop/DockerTest/webdemo/build/jacoco/jacocoTest.exec
  - sonar.java.binaries=/Users/hbao/code/workshop/DockerTest/webdemo/build/classes/main
  - sonar.java.libraries=/Users/hbao/.gradle/caches/modules-2/files-2.1/javax.servlet/javax.servlet-api/3.1.0/3cd63d075497751784b2fa84be59432f4905bf7c/javax.servlet-api-3.1.0.jar,/Users/hbao/.gradle/caches/modules-2/files-2.1/javax.websocket/javax.websocket-api/1.0/fc843b649d4a1dcb0497669d262befa3918c7ba8/javax.websocket-api-1.0.jar,/Library/Java/JavaVirtualMachines/jdk1.8.0_144.jdk/Contents/Home/jre/lib/rt.jar,/Library/Java/JavaVirtualMachines/jdk1.8.0_144.jdk/Contents/Home/jre/lib/ext/jfxrt.jar
  - sonar.java.source=1.8
  - sonar.java.target=1.8
  - sonar.java.test.binaries=/Users/hbao/code/workshop/DockerTest/webdemo/build/classes/test
  - sonar.java.test.libraries=/Users/hbao/code/workshop/DockerTest/webdemo/build/classes/main,/Users/hbao/.gradle/caches/modules-2/files-2.1/javax.servlet/javax.servlet-api/3.1.0/3cd63d075497751784b2fa84be59432f4905bf7c/javax.servlet-api-3.1.0.jar,/Users/hbao/.gradle/caches/modules-2/files-2.1/javax.websocket/javax.websocket-api/1.0/fc843b649d4a1dcb0497669d262befa3918c7ba8/javax.websocket-api-1.0.jar,/Users/hbao/.gradle/caches/modules-2/files-2.1/junit/junit/4.12/2973d150c0dc1fefe998f834810d68f278ea58ec/junit-4.12.jar,/Users/hbao/.gradle/caches/modules-2/files-2.1/org.mockito/mockito-core/2.7.19/9e0dbe97eca58ef4c26e3b9e1a12ee42e76a63a5/mockito-core-2.7.19.jar,/Users/hbao/.gradle/caches/modules-2/files-2.1/io.github.bonigarcia/webdrivermanager/1.6.1/507118186f97edbdd012b8c2febde8f4d83db0e0/webdrivermanager-1.6.1.jar,/Users/hbao/.gradle/caches/modules-2/files-2.1/org.seleniumhq.selenium/selenium-java/3.3.1/eeca9dd7cb20d8a98858ef51d675c57ca8ce9cb4/selenium-java-3.3.1.jar,/Users/hbao/.gradle/caches/modules-2/files-2.1/org.hamcrest/hamcrest-core/1.3/42a25dc3219429f0e5d060061f71acb49bf010a0/hamcrest-core-1.3.jar,/Users/hbao/.gradle/caches/modules-2/files-2.1/net.bytebuddy/byte-buddy/1.6.11/8a8f9409e27f1d62c909c7eef2aa7b3a580b4901/byte-buddy-1.6.11.jar,/Users/hbao/.gradle/caches/modules-2/files-2.1/net.bytebuddy/byte-buddy-agent/1.6.11/200d9c012befccd211ff91082a151257b1dc084/byte-buddy-agent-1.6.11.jar,/Users/hbao/.gradle/caches/modules-2/files-2.1/org.objenesis/objenesis/2.5/612ecb799912ccf77cba9b3ed8c813da086076e9/objenesis-2.5.jar,/Users/hbao/.gradle/caches/modules-2/files-2.1/org.slf4j/slf4j-api/1.7.24/3f6b4bd4f8dbe8d4bea06d107a3826469b85c3e9/slf4j-api-1.7.24.jar,/Users/hbao/.gradle/caches/modules-2/files-2.1/commons-io/commons-io/2.5/2852e6e05fbb95076fc091f6d1780f1f8fe35e0f/commons-io-2.5.jar,/Users/hbao/.gradle/caches/modules-2/files-2.1/com.google.code.gson/gson/2.8.0/c4ba5371a29ac9b2ad6129b1d39ea38750043eff/gson-2.8.0.jar,/Users/hbao/.gradle/caches/modules-2/files-2.1/com.typesafe/config/1.3.1/2cf7a6cc79732e3bdf1647d7404279900ca63eb0/config-1.3.1.jar,/Users/hbao/.gradle/caches/modules-2/files-2.1/org.apache.commons/commons-lang3/3.5/6c6c702c89bfff3cd9e80b04d668c5e190d588c6/commons-lang3-3.5.jar,/Users/hbao/.gradle/caches/modules-2/files-2.1/org.rauschig/jarchivelib/0.7.1/47a77274cc38cfe6c04bc2afa3ece808742dc42b/jarchivelib-0.7.1.jar,/Users/hbao/.gradle/caches/modules-2/files-2.1/org.jsoup/jsoup/1.10.2/33ee82e324f4b1e40167f3dc5e01234a1c5cab61/jsoup-1.10.2.jar,/Users/hbao/.gradle/caches/modules-2/files-2.1/commons-codec/commons-codec/1.10/4b95f4897fa13f2cd904aee711aeafc0c5295cd8/commons-codec-1.10.jar,/Users/hbao/.gradle/caches/modules-2/files-2.1/org.seleniumhq.selenium/selenium-chrome-driver/3.3.1/7f3cc4850d2bd72145a6deb54267050cad314297/selenium-chrome-driver-3.3.1.jar,/Users/hbao/.gradle/caches/modules-2/files-2.1/org.seleniumhq.selenium/selenium-edge-driver/3.3.1/c1229659187677d66bf04f0786838fbd5a9605d6/selenium-edge-driver-3.3.1.jar,/Users/hbao/.gradle/caches/modules-2/files-2.1/org.seleniumhq.selenium/selenium-firefox-driver/3.3.1/45127aa054bbedcc39b637ea7240811b4d24ef6a/selenium-firefox-driver-3.3.1.jar,/Users/hbao/.gradle/caches/modules-2/files-2.1/org.seleniumhq.selenium/selenium-ie-driver/3.3.1/1b376901c6fc2ac3bbe32677fba4c6ee7bd28818/selenium-ie-driver-3.3.1.jar,/Users/hbao/.gradle/caches/modules-2/files-2.1/org.seleniumhq.selenium/selenium-opera-driver/3.3.1/ca2fc03ac3990a5ad4c227f89890891d1862667/selenium-opera-driver-3.3.1.jar,/Users/hbao/.gradle/caches/modules-2/files-2.1/org.seleniumhq.selenium/selenium-safari-driver/3.3.1/35a5faabe180f209b9ee024733c99c445f88909c/selenium-safari-driver-3.3.1.jar,/Users/hbao/.gradle/caches/modules-2/files-2.1/com.codeborne/phantomjsdriver/1.4.0/333f3289207a970c9a97308df9d5ac0880e12aa8/phantomjsdriver-1.4.0.jar,/Users/hbao/.gradle/caches/modules-2/files-2.1/org.seleniumhq.selenium/htmlunit-driver/2.24/ece82c09dc43ae868f94f4bed7cf1e81233e493/htmlunit-driver-2.24.jar,/Users/hbao/.gradle/caches/modules-2/files-2.1/org.apache.commons/commons-compress/1.9/cc18955ff1e36d5abd39a14bfe82b19154330a34/commons-compress-1.9.jar,/Users/hbao/.gradle/caches/modules-2/files-2.1/org.seleniumhq.selenium/selenium-support/3.5.3/50a7fa2ee6c79eb91374642ab3845cee0e48d032/selenium-support-3.5.3.jar,/Users/hbao/.gradle/caches/modules-2/files-2.1/net.sourceforge.htmlunit/htmlunit/2.24/e69abf8a4b5d13a9fd5c353c1557ef59f1570a8e/htmlunit-2.24.jar,/Users/hbao/.gradle/caches/modules-2/files-2.1/org.seleniumhq.selenium/selenium-api/3.5.3/dc1a9dfe5d5a01f737892f42bbce2c6f31989522/selenium-api-3.5.3.jar,/Users/hbao/.gradle/caches/modules-2/files-2.1/cglib/cglib-nodep/3.2.4/42c972dee25a436b32c6027e848287ff47ed6750/cglib-nodep-3.2.4.jar,/Users/hbao/.gradle/caches/modules-2/files-2.1/org.apache.commons/commons-exec/1.3/8dfb9facd0830a27b1b5f29f84593f0aeee7773b/commons-exec-1.3.jar,/Users/hbao/.gradle/caches/modules-2/files-2.1/commons-logging/commons-logging/1.2/4bfc12adfe4842bf07b657f0369c4cb522955686/commons-logging-1.2.jar,/Users/hbao/.gradle/caches/modules-2/files-2.1/org.apache.httpcomponents/httpclient/4.5.3/d1577ae15f01ef5438c5afc62162457c00a34713/httpclient-4.5.3.jar,/Users/hbao/.gradle/caches/modules-2/files-2.1/org.apache.httpcomponents/httpcore/4.4.6/e3fd8ced1f52c7574af952e2e6da0df8df08eb82/httpcore-4.4.6.jar,/Users/hbao/.gradle/caches/modules-2/files-2.1/net.java.dev.jna/jna/4.1.0/1c12d070e602efd8021891cdd7fd18bc129372d4/jna-4.1.0.jar,/Users/hbao/.gradle/caches/modules-2/files-2.1/net.java.dev.jna/jna-platform/4.1.0/23457ad1cf75c2c16763330de5565a0e67b4bc0a/jna-platform-4.1.0.jar,/Users/hbao/.gradle/caches/modules-2/files-2.1/xalan/xalan/2.7.2/d55d3f02a56ec4c25695fe67e1334ff8c2ecea23/xalan-2.7.2.jar,/Users/hbao/.gradle/caches/modules-2/files-2.1/org.apache.httpcomponents/httpmime/4.5.2/22b4c53dd9b6761024258de8f9240c3dce6ea368/httpmime-4.5.2.jar,/Users/hbao/.gradle/caches/modules-2/files-2.1/net.sourceforge.htmlunit/htmlunit-core-js/2.23/6ade18a1568c4da458ca197aaa6d3fe213c69928/htmlunit-core-js-2.23.jar,/Users/hbao/.gradle/caches/modules-2/files-2.1/net.sourceforge.htmlunit/neko-htmlunit/2.24/db21c784490b068c91eded812a68c199362872e9/neko-htmlunit-2.24.jar,/Users/hbao/.gradle/caches/modules-2/files-2.1/net.sourceforge.cssparser/cssparser/0.9.21/5238960c5931a52759f222761610052a0cbb2615/cssparser-0.9.21.jar,/Users/hbao/.gradle/caches/modules-2/files-2.1/org.eclipse.jetty.websocket/websocket-client/9.2.20.v20161216/14b2174ca8967e11e58e33af7e92a1d4214ca66a/websocket-client-9.2.20.v20161216.jar,/Users/hbao/.gradle/caches/modules-2/files-2.1/xalan/serializer/2.7.2/24247f3bb052ee068971393bdb83e04512bb1c3c/serializer-2.7.2.jar,/Users/hbao/.gradle/caches/modules-2/files-2.1/xerces/xercesImpl/2.11.0/9bb329db1cfc4e22462c9d6b43a8432f5850e92c/xercesImpl-2.11.0.jar,/Users/hbao/.gradle/caches/modules-2/files-2.1/org.w3c.css/sac/1.3/cdb2dcb4e22b83d6b32b93095f644c3462739e82/sac-1.3.jar,/Users/hbao/.gradle/caches/modules-2/files-2.1/org.eclipse.jetty/jetty-util/9.2.20.v20161216/b211d57761c6d5a249708290e617deb9dda2cdad/jetty-util-9.2.20.v20161216.jar,/Users/hbao/.gradle/caches/modules-2/files-2.1/org.eclipse.jetty/jetty-io/9.2.20.v20161216/cb27789ea103b78f5c7bcf4c33627f8dc23b8ddc/jetty-io-9.2.20.v20161216.jar,/Users/hbao/.gradle/caches/modules-2/files-2.1/org.eclipse.jetty.websocket/websocket-common/9.2.20.v20161216/f31a0535a1c71fe34dfafd2a6d3b2f41b3d8a110/websocket-common-9.2.20.v20161216.jar,/Users/hbao/.gradle/caches/modules-2/files-2.1/xml-apis/xml-apis/1.4.01/3789d9fada2d3d458c4ba2de349d48780f381ee3/xml-apis-1.4.01.jar,/Users/hbao/.gradle/caches/modules-2/files-2.1/org.eclipse.jetty.websocket/websocket-api/9.2.20.v20161216/261ca2003f28259a9b83556af700531665ffefb4/websocket-api-9.2.20.v20161216.jar,/Users/hbao/.gradle/caches/modules-2/files-2.1/org.seleniumhq.selenium/selenium-remote-driver/3.5.3/30aad304ee719ca317c461196e363e0b62163ce/selenium-remote-driver-3.5.3.jar,/Users/hbao/.gradle/caches/modules-2/files-2.1/com.google.guava/guava/23.0/c947004bb13d18182be60077ade044099e4f26f1/guava-23.0.jar,/Users/hbao/.gradle/caches/modules-2/files-2.1/com.google.code.findbugs/jsr305/1.3.9/40719ea6961c0cb6afaeb6a921eaa1f6afd4cfdf/jsr305-1.3.9.jar,/Users/hbao/.gradle/caches/modules-2/files-2.1/com.google.errorprone/error_prone_annotations/2.0.18/5f65affce1684999e2f4024983835efc3504012e/error_prone_annotations-2.0.18.jar,/Users/hbao/.gradle/caches/modules-2/files-2.1/com.google.j2objc/j2objc-annotations/1.1/976d8d30bebc251db406f2bdb3eb01962b5685b3/j2objc-annotations-1.1.jar,/Users/hbao/.gradle/caches/modules-2/files-2.1/org.codehaus.mojo/animal-sniffer-annotations/1.14/775b7e22fb10026eed3f86e8dc556dfafe35f2d5/animal-sniffer-annotations-1.14.jar,/Library/Java/JavaVirtualMachines/jdk1.8.0_144.jdk/Contents/Home/jre/lib/rt.jar,/Library/Java/JavaVirtualMachines/jdk1.8.0_144.jdk/Contents/Home/jre/lib/ext/jfxrt.jar
  - sonar.junit.reportsPath=/Users/hbao/code/workshop/DockerTest/webdemo/build/test-results/test
  - sonar.libraries=/Users/hbao/.gradle/caches/modules-2/files-2.1/javax.servlet/javax.servlet-api/3.1.0/3cd63d075497751784b2fa84be59432f4905bf7c/javax.servlet-api-3.1.0.jar,/Users/hbao/.gradle/caches/modules-2/files-2.1/javax.websocket/javax.websocket-api/1.0/fc843b649d4a1dcb0497669d262befa3918c7ba8/javax.websocket-api-1.0.jar,/Library/Java/JavaVirtualMachines/jdk1.8.0_144.jdk/Contents/Home/jre/lib/rt.jar,/Library/Java/JavaVirtualMachines/jdk1.8.0_144.jdk/Contents/Home/jre/lib/ext/jfxrt.jar
  - sonar.projectBaseDir=/Users/hbao/code/workshop/DockerTest/webdemo
  - sonar.projectKey=webdemo
  - sonar.projectName=Example of SonarQube Scanner for Gradle Usage
  - sonar.projectVersion=unspecified
  - sonar.sourceEncoding=UTF-8
  - sonar.sources=/Users/hbao/code/workshop/DockerTest/webdemo/src/main/java
  - sonar.surefire.reportsPath=/Users/hbao/code/workshop/DockerTest/webdemo/build/test-results/test
  - sonar.tests=/Users/hbao/code/workshop/DockerTest/webdemo/src/test/java
  - sonar.verbose=true
  - sonar.working.directory=/Users/hbao/code/workshop/DockerTest/webdemo/build/sonar
