2017.09.14 19:05:37 INFO  ce[][o.s.p.ProcessEntryPoint] Starting ce
2017.09.14 19:05:37 INFO  ce[][o.s.ce.app.CeServer] Compute Engine starting up...
2017.09.14 19:05:38 INFO  ce[][o.e.plugins] [Libra] modules [], plugins [], sites []
2017.09.14 19:05:38 INFO  ce[][o.s.s.e.EsClientProvider] Connected to local Elasticsearch: [127.0.0.1:9001]
2017.09.14 19:05:38 INFO  ce[][o.sonar.db.Database] Create JDBC data source for jdbc:h2:tcp://127.0.0.1:9092/sonar
2017.09.14 19:05:38 WARN  ce[][o.s.d.DatabaseChecker] H2 database should be used for evaluation purpose only
2017.09.14 19:05:39 INFO  ce[][o.s.s.p.ServerFileSystemImpl] SonarQube home: /Users/hbao/code/workshop/sonarqube-6.5
2017.09.14 19:05:39 INFO  ce[][o.s.c.c.CePluginRepository] Load plugins
2017.09.14 19:05:40 INFO  ce[][o.s.c.q.PurgeCeActivities] Delete the Compute Engine tasks created before Sat Mar 18 19:05:40 CST 2017
2017.09.14 19:05:40 INFO  ce[][o.s.ce.app.CeServer] Compute Engine is operational
2017.09.14 19:09:23 INFO  ce[AV6AFDU83NUXS4kk3QSa][o.s.c.t.CeWorkerImpl] Execute task | project=webdemo | type=REPORT | id=AV6AFDU83NUXS4kk3QSa
2017.09.14 19:09:24 INFO  ce[AV6AFDU83NUXS4kk3QSa][o.s.c.t.CeWorkerImpl] Executed task | project=webdemo | type=REPORT | id=AV6AFDU83NUXS4kk3QSa | time=1745ms
2017.09.14 19:15:11 INFO  ce[AV6AGYk-3NUXS4kk3QSb][o.s.c.t.CeWorkerImpl] Execute task | project=webdemo | type=REPORT | id=AV6AGYk-3NUXS4kk3QSb
2017.09.14 19:15:12 INFO  ce[AV6AGYk-3NUXS4kk3QSb][o.s.c.t.CeWorkerImpl] Executed task | project=webdemo | type=REPORT | id=AV6AGYk-3NUXS4kk3QSb | time=607ms
2017.09.14 19:21:07 INFO  ce[AV6AHvMb3NUXS4kk3QSc][o.s.c.t.CeWorkerImpl] Execute task | project=webdemo | type=REPORT | id=AV6AHvMb3NUXS4kk3QSc
2017.09.14 19:21:07 INFO  ce[AV6AHvMb3NUXS4kk3QSc][o.s.c.t.CeWorkerImpl] Executed task | project=webdemo | type=REPORT | id=AV6AHvMb3NUXS4kk3QSc | time=461ms
2017.09.14 19:24:10 INFO  ce[AV6AIcPO3NUXS4kk3QSd][o.s.c.t.CeWorkerImpl] Execute task | project=webdemo | type=REPORT | id=AV6AIcPO3NUXS4kk3QSd
2017.09.14 19:24:10 INFO  ce[AV6AIcPO3NUXS4kk3QSd][o.s.c.t.CeWorkerImpl] Executed task | project=webdemo | type=REPORT | id=AV6AIcPO3NUXS4kk3QSd | time=508ms
2017.09.14 19:30:03 INFO  ce[AV6AJyOb3NUXS4kk3QSe][o.s.c.t.CeWorkerImpl] Execute task | project=webdemo | type=REPORT | id=AV6AJyOb3NUXS4kk3QSe
2017.09.14 19:30:04 INFO  ce[AV6AJyOb3NUXS4kk3QSe][o.s.c.t.CeWorkerImpl] Executed task | project=webdemo | type=REPORT | id=AV6AJyOb3NUXS4kk3QSe | time=525ms
2017.09.14 19:35:20 INFO  ce[AV6AK_tO3NUXS4kk3QSf][o.s.c.t.CeWorkerImpl] Execute task | project=webdemo | type=REPORT | id=AV6AK_tO3NUXS4kk3QSf
2017.09.14 19:35:21 INFO  ce[AV6AK_tO3NUXS4kk3QSf][o.s.c.t.CeWorkerImpl] Executed task | project=webdemo | type=REPORT | id=AV6AK_tO3NUXS4kk3QSf | time=492ms
