2017.09.14 19:05:17 INFO  es[][o.s.p.ProcessEntryPoint] Starting es
2017.09.14 19:05:17 INFO  es[][o.s.s.EsSettings] Elasticsearch listening on /127.0.0.1:9001
2017.09.14 19:05:17 INFO  es[][o.elasticsearch.node] [sonarqube] version[2.4.4], pid[60348], build[fcbb46d/2017-01-03T11:33:16Z]
2017.09.14 19:05:17 INFO  es[][o.elasticsearch.node] [sonarqube] initializing ...
2017.09.14 19:05:17 INFO  es[][o.e.plugins] [sonarqube] modules [], plugins [], sites []
2017.09.14 19:05:17 INFO  es[][o.elasticsearch.env] [sonarqube] using [1] data paths, mounts [[/ (/dev/disk1)]], net usable_space [96.2gb], net total_space [232.6gb], spins? [unknown], types [hfs]
2017.09.14 19:05:17 INFO  es[][o.elasticsearch.env] [sonarqube] heap size [989.8mb], compressed ordinary object pointers [true]
2017.09.14 19:05:17 WARN  es[][o.elasticsearch.env] [sonarqube] max file descriptors [10240] for elasticsearch process likely too low, consider increasing to at least [65536]
2017.09.14 19:05:18 INFO  es[][o.elasticsearch.node] [sonarqube] initialized
2017.09.14 19:05:18 INFO  es[][o.elasticsearch.node] [sonarqube] starting ...
2017.09.14 19:05:19 INFO  es[][o.e.transport] [sonarqube] publish_address {127.0.0.1:9001}, bound_addresses {127.0.0.1:9001}
2017.09.14 19:05:19 INFO  es[][o.e.discovery] [sonarqube] sonarqube/vbHKRhIIRaSbxuhhfV8nuA
2017.09.14 19:05:22 INFO  es[][o.e.cluster.service] [sonarqube] new_master {sonarqube}{vbHKRhIIRaSbxuhhfV8nuA}{127.0.0.1}{127.0.0.1:9001}{rack_id=sonarqube, master=true}, reason: zen-disco-join(elected_as_master, [0] joins received)
2017.09.14 19:05:22 INFO  es[][o.elasticsearch.node] [sonarqube] started
2017.09.14 19:05:22 INFO  es[][o.e.gateway] [sonarqube] recovered [0] indices into cluster_state
2017.09.14 19:05:27 INFO  es[][o.e.cluster.metadata] [sonarqube] [components] creating index, cause [api], templates [], shards [5]/[0], mappings []
2017.09.14 19:05:28 INFO  es[][o.e.c.r.allocation] [sonarqube] Cluster health status changed from [RED] to [GREEN] (reason: [shards started [[components][4]] ...]).
2017.09.14 19:05:28 INFO  es[][o.e.cluster.metadata] [sonarqube] [components] create_mapping [component]
2017.09.14 19:05:28 INFO  es[][o.e.cluster.metadata] [sonarqube] [components] create_mapping [authorization]
2017.09.14 19:05:28 INFO  es[][o.e.cluster.metadata] [sonarqube] [tests] creating index, cause [api], templates [], shards [5]/[0], mappings []
2017.09.14 19:05:28 INFO  es[][o.e.c.r.allocation] [sonarqube] Cluster health status changed from [RED] to [GREEN] (reason: [shards started [[tests][4]] ...]).
2017.09.14 19:05:28 INFO  es[][o.e.cluster.metadata] [sonarqube] [tests] create_mapping [test]
2017.09.14 19:05:28 INFO  es[][o.e.cluster.metadata] [sonarqube] [projectmeasures] creating index, cause [api], templates [], shards [5]/[0], mappings []
2017.09.14 19:05:28 INFO  es[][o.e.c.r.allocation] [sonarqube] Cluster health status changed from [RED] to [GREEN] (reason: [shards started [[projectmeasures][4]] ...]).
2017.09.14 19:05:28 INFO  es[][o.e.cluster.metadata] [sonarqube] [projectmeasures] create_mapping [projectmeasure]
2017.09.14 19:05:28 INFO  es[][o.e.cluster.metadata] [sonarqube] [projectmeasures] create_mapping [authorization]
2017.09.14 19:05:28 INFO  es[][o.e.cluster.metadata] [sonarqube] [rules] creating index, cause [api], templates [], shards [2]/[0], mappings []
2017.09.14 19:05:28 INFO  es[][o.e.c.r.allocation] [sonarqube] Cluster health status changed from [RED] to [GREEN] (reason: [shards started [[rules][0], [rules][0]] ...]).
2017.09.14 19:05:28 INFO  es[][o.e.cluster.metadata] [sonarqube] [rules] create_mapping [activeRule]
2017.09.14 19:05:28 INFO  es[][o.e.cluster.metadata] [sonarqube] [rules] create_mapping [ruleExtension]
2017.09.14 19:05:28 INFO  es[][o.e.cluster.metadata] [sonarqube] [rules] create_mapping [rule]
2017.09.14 19:05:28 INFO  es[][o.e.cluster.metadata] [sonarqube] [issues] creating index, cause [api], templates [], shards [5]/[0], mappings []
2017.09.14 19:05:28 INFO  es[][o.e.c.r.allocation] [sonarqube] Cluster health status changed from [RED] to [GREEN] (reason: [shards started [[issues][4]] ...]).
2017.09.14 19:05:28 INFO  es[][o.e.cluster.metadata] [sonarqube] [issues] create_mapping [issue]
2017.09.14 19:05:28 INFO  es[][o.e.cluster.metadata] [sonarqube] [issues] create_mapping [authorization]
2017.09.14 19:05:28 INFO  es[][o.e.cluster.metadata] [sonarqube] [users] creating index, cause [api], templates [], shards [1]/[0], mappings []
2017.09.14 19:05:28 INFO  es[][o.e.c.r.allocation] [sonarqube] Cluster health status changed from [RED] to [GREEN] (reason: [shards started [[users][0]] ...]).
2017.09.14 19:05:28 INFO  es[][o.e.cluster.metadata] [sonarqube] [users] create_mapping [user]
2017.09.14 19:05:28 INFO  es[][o.e.cluster.metadata] [sonarqube] [views] creating index, cause [api], templates [], shards [5]/[0], mappings []
2017.09.14 19:05:28 INFO  es[][o.e.c.r.allocation] [sonarqube] Cluster health status changed from [RED] to [GREEN] (reason: [shards started [[views][0], [views][4], [views][0]] ...]).
2017.09.14 19:05:28 INFO  es[][o.e.cluster.metadata] [sonarqube] [views] create_mapping [view]
2017.09.14 19:05:35 INFO  es[][o.e.cluster.metadata] [sonarqube] closing indices [[rules]]
2017.09.14 19:05:35 INFO  es[][o.e.cluster.metadata] [sonarqube] opening indices [[rules]]
2017.09.14 19:05:35 INFO  es[][o.e.c.r.allocation] [sonarqube] Cluster health status changed from [RED] to [GREEN] (reason: [shards started [[rules][0], [rules][1]] ...]).
2017.09.14 19:05:36 INFO  es[][o.e.cluster.metadata] [sonarqube] closing indices [[rules]]
2017.09.14 19:05:36 INFO  es[][o.e.cluster.metadata] [sonarqube] opening indices [[rules]]
2017.09.14 19:05:36 INFO  es[][o.e.c.r.allocation] [sonarqube] Cluster health status changed from [RED] to [GREEN] (reason: [shards started [[rules][0]] ...]).
2017.09.14 19:05:36 INFO  es[][o.e.cluster.metadata] [sonarqube] closing indices [[rules]]
2017.09.14 19:05:36 INFO  es[][o.e.cluster.metadata] [sonarqube] opening indices [[rules]]
2017.09.14 19:05:36 INFO  es[][o.e.c.r.allocation] [sonarqube] Cluster health status changed from [RED] to [GREEN] (reason: [shards started [[rules][0]] ...]).
2017.09.14 19:05:36 INFO  es[][o.e.index.shard] [sonarqube] [users][0] updating refresh_interval from [30s] to [-1]
2017.09.14 19:05:36 INFO  es[][o.e.index.shard] [sonarqube] [users][0] updating refresh_interval from [-1] to [30s]
2017.09.14 19:05:36 INFO  es[][o.e.cluster.metadata] [sonarqube] closing indices [[users]]
2017.09.14 19:05:36 INFO  es[][o.e.cluster.metadata] [sonarqube] opening indices [[users]]
2017.09.14 19:05:36 INFO  es[][o.e.c.r.allocation] [sonarqube] Cluster health status changed from [RED] to [GREEN] (reason: [shards started [[users][0]] ...]).
2017.09.14 19:05:36 INFO  es[][o.e.cluster.metadata] [sonarqube] closing indices [[components]]
2017.09.14 19:05:36 INFO  es[][o.e.cluster.metadata] [sonarqube] opening indices [[components]]
2017.09.14 19:05:36 INFO  es[][o.e.c.r.allocation] [sonarqube] Cluster health status changed from [RED] to [GREEN] (reason: [shards started [[components][2], [components][0], [components][2], [components][0], [components][4]] ...]).
2017.09.14 19:05:36 INFO  es[][o.e.index.shard] [sonarqube] [views][1] updating refresh_interval from [30s] to [-1]
2017.09.14 19:05:36 INFO  es[][o.e.index.shard] [sonarqube] [views][3] updating refresh_interval from [30s] to [-1]
2017.09.14 19:05:36 INFO  es[][o.e.index.shard] [sonarqube] [views][2] updating refresh_interval from [30s] to [-1]
2017.09.14 19:05:36 INFO  es[][o.e.index.shard] [sonarqube] [views][0] updating refresh_interval from [30s] to [-1]
2017.09.14 19:05:36 INFO  es[][o.e.index.shard] [sonarqube] [views][4] updating refresh_interval from [30s] to [-1]
2017.09.14 19:05:36 INFO  es[][o.e.index.shard] [sonarqube] [views][1] updating refresh_interval from [-1] to [30s]
2017.09.14 19:05:36 INFO  es[][o.e.index.shard] [sonarqube] [views][3] updating refresh_interval from [-1] to [30s]
2017.09.14 19:05:36 INFO  es[][o.e.index.shard] [sonarqube] [views][2] updating refresh_interval from [-1] to [30s]
2017.09.14 19:05:36 INFO  es[][o.e.index.shard] [sonarqube] [views][0] updating refresh_interval from [-1] to [30s]
2017.09.14 19:05:36 INFO  es[][o.e.index.shard] [sonarqube] [views][4] updating refresh_interval from [-1] to [30s]
2017.09.14 19:05:36 INFO  es[][o.e.cluster.metadata] [sonarqube] closing indices [[views]]
2017.09.14 19:05:36 INFO  es[][o.e.cluster.metadata] [sonarqube] opening indices [[views]]
2017.09.14 19:05:36 INFO  es[][o.e.c.r.allocation] [sonarqube] Cluster health status changed from [RED] to [GREEN] (reason: [shards started [[views][4], [views][4]] ...]).
2017.09.14 19:05:36 INFO  es[][o.e.cluster.metadata] [sonarqube] closing indices [[issues]]
2017.09.14 19:05:36 INFO  es[][o.e.cluster.metadata] [sonarqube] opening indices [[issues]]
2017.09.14 19:05:36 INFO  es[][o.e.c.r.allocation] [sonarqube] Cluster health status changed from [RED] to [GREEN] (reason: [shards started [[issues][0], [issues][0]] ...]).
2017.09.14 19:05:36 INFO  es[][o.e.cluster.metadata] [sonarqube] closing indices [[components]]
2017.09.14 19:05:36 INFO  es[][o.e.cluster.metadata] [sonarqube] opening indices [[components]]
2017.09.14 19:05:36 INFO  es[][o.e.c.r.allocation] [sonarqube] Cluster health status changed from [RED] to [GREEN] (reason: [shards started [[components][1]] ...]).
2017.09.14 19:05:36 INFO  es[][o.e.cluster.metadata] [sonarqube] closing indices [[projectmeasures]]
2017.09.14 19:05:36 INFO  es[][o.e.cluster.metadata] [sonarqube] opening indices [[projectmeasures]]
2017.09.14 19:05:36 INFO  es[][o.e.c.r.allocation] [sonarqube] Cluster health status changed from [RED] to [GREEN] (reason: [shards started [[projectmeasures][3]] ...]).
2017.09.14 19:05:36 INFO  es[][o.e.cluster.metadata] [sonarqube] closing indices [[issues]]
2017.09.14 19:05:36 INFO  es[][o.e.cluster.metadata] [sonarqube] opening indices [[issues]]
2017.09.14 19:05:37 INFO  es[][o.e.c.r.allocation] [sonarqube] Cluster health status changed from [RED] to [GREEN] (reason: [shards started [[issues][2]] ...]).
2017.09.14 19:05:37 INFO  es[][o.e.cluster.metadata] [sonarqube] closing indices [[tests]]
2017.09.14 19:05:37 INFO  es[][o.e.cluster.metadata] [sonarqube] opening indices [[tests]]
2017.09.14 19:05:37 INFO  es[][o.e.c.r.allocation] [sonarqube] Cluster health status changed from [RED] to [GREEN] (reason: [shards started [[tests][0]] ...]).
2017.09.14 19:05:37 INFO  es[][o.e.cluster.metadata] [sonarqube] closing indices [[projectmeasures]]
2017.09.14 19:05:37 INFO  es[][o.e.cluster.metadata] [sonarqube] opening indices [[projectmeasures]]
2017.09.14 19:05:37 INFO  es[][o.e.c.r.allocation] [sonarqube] Cluster health status changed from [RED] to [GREEN] (reason: [shards started [[projectmeasures][2]] ...]).
