--> Wrapper Started as Console
Launching a JVM...
Wrapper (Version 3.2.3) http://wrapper.tanukisoftware.org
  Copyright 1999-2006 Tanuki Software, Inc.  All Rights Reserved.

2017.09.14 19:05:16 INFO  app[][o.s.a.AppFileSystem] Cleaning or creating temp directory /Users/hbao/code/workshop/sonarqube-6.5/temp
2017.09.14 19:05:16 INFO  app[][o.s.a.p.JavaProcessLauncherImpl] Launch process[es]: /Library/Java/JavaVirtualMachines/jdk1.8.0_144.jdk/Contents/Home/jre/bin/java -Djava.awt.headless=true -Xmx1G -Xms256m -Xss256k -Djna.nosys=true -XX:+UseParNewGC -XX:+UseConcMarkSweepGC -XX:CMSInitiatingOccupancyFraction=75 -XX:+UseCMSInitiatingOccupancyOnly -XX:+HeapDumpOnOutOfMemoryError -Djava.io.tmpdir=/Users/hbao/code/workshop/sonarqube-6.5/temp -cp ./lib/common/*:./lib/search/* org.sonar.search.SearchServer /Users/hbao/code/workshop/sonarqube-6.5/temp/sq-process8569124401882737791properties
2017.09.14 19:05:22 INFO  app[][o.s.a.SchedulerImpl] Process[es] is up
2017.09.14 19:05:22 INFO  app[][o.s.a.p.JavaProcessLauncherImpl] Launch process[web]: /Library/Java/JavaVirtualMachines/jdk1.8.0_144.jdk/Contents/Home/jre/bin/java -Djava.awt.headless=true -Dfile.encoding=UTF-8 -Xmx512m -Xms128m -XX:+HeapDumpOnOutOfMemoryError -Djava.io.tmpdir=/Users/hbao/code/workshop/sonarqube-6.5/temp -cp ./lib/common/*:./lib/server/*:/Users/hbao/code/workshop/sonarqube-6.5/lib/jdbc/h2/h2-1.3.176.jar org.sonar.server.app.WebServer /Users/hbao/code/workshop/sonarqube-6.5/temp/sq-process7603808112983219671properties
2017.09.14 19:05:37 INFO  app[][o.s.a.SchedulerImpl] Process[web] is up
2017.09.14 19:05:37 INFO  app[][o.s.a.p.JavaProcessLauncherImpl] Launch process[ce]: /Library/Java/JavaVirtualMachines/jdk1.8.0_144.jdk/Contents/Home/jre/bin/java -Djava.awt.headless=true -Dfile.encoding=UTF-8 -Xmx512m -Xms128m -XX:+HeapDumpOnOutOfMemoryError -Djava.io.tmpdir=/Users/hbao/code/workshop/sonarqube-6.5/temp -cp ./lib/common/*:./lib/server/*:./lib/ce/*:/Users/hbao/code/workshop/sonarqube-6.5/lib/jdbc/h2/h2-1.3.176.jar org.sonar.ce.app.CeServer /Users/hbao/code/workshop/sonarqube-6.5/temp/sq-process4496277356520642045properties
2017.09.14 19:05:40 INFO  app[][o.s.a.SchedulerImpl] Process[ce] is up
2017.09.14 19:05:40 INFO  app[][o.s.a.SchedulerImpl] SonarQube is up
The timer fell behind the system clock by 181786600ms.
2017.09.18 18:56:52 INFO  app[][o.s.a.SchedulerImpl] Process [es] is stopped
2017.09.18 18:56:53 INFO  app[][o.s.a.SchedulerImpl] Process [ce] is stopped
2017.09.18 18:56:53 INFO  app[][o.s.a.SchedulerImpl] Process [web] is stopped
2017.09.18 18:56:53 INFO  app[][o.s.a.SchedulerImpl] SonarQube is stopped
<-- Wrapper Stopped
--> Wrapper Started as Console
Launching a JVM...
Wrapper (Version 3.2.3) http://wrapper.tanukisoftware.org
  Copyright 1999-2006 Tanuki Software, Inc.  All Rights Reserved.

2017.09.18 19:41:01 INFO  app[][o.s.a.AppFileSystem] Cleaning or creating temp directory /Users/hbao/code/workshop/DockerTest/webdemo/sonarqube-6.5/temp
2017.09.18 19:41:01 INFO  app[][o.s.a.p.JavaProcessLauncherImpl] Launch process[es]: /Library/Java/JavaVirtualMachines/jdk1.8.0_144.jdk/Contents/Home/jre/bin/java -Djava.awt.headless=true -Xmx1G -Xms256m -Xss256k -Djna.nosys=true -XX:+UseParNewGC -XX:+UseConcMarkSweepGC -XX:CMSInitiatingOccupancyFraction=75 -XX:+UseCMSInitiatingOccupancyOnly -XX:+HeapDumpOnOutOfMemoryError -Djava.io.tmpdir=/Users/hbao/code/workshop/DockerTest/webdemo/sonarqube-6.5/temp -cp ./lib/common/*:./lib/search/* org.sonar.search.SearchServer /Users/hbao/code/workshop/DockerTest/webdemo/sonarqube-6.5/temp/sq-process5114563020273693686properties
2017.09.18 19:41:07 INFO  app[][o.s.a.SchedulerImpl] Process[es] is up
2017.09.18 19:41:07 INFO  app[][o.s.a.p.JavaProcessLauncherImpl] Launch process[web]: /Library/Java/JavaVirtualMachines/jdk1.8.0_144.jdk/Contents/Home/jre/bin/java -Djava.awt.headless=true -Dfile.encoding=UTF-8 -Xmx512m -Xms128m -XX:+HeapDumpOnOutOfMemoryError -Djava.io.tmpdir=/Users/hbao/code/workshop/DockerTest/webdemo/sonarqube-6.5/temp -cp ./lib/common/*:./lib/server/*:/Users/hbao/code/workshop/DockerTest/webdemo/sonarqube-6.5/lib/jdbc/h2/h2-1.3.176.jar org.sonar.server.app.WebServer /Users/hbao/code/workshop/DockerTest/webdemo/sonarqube-6.5/temp/sq-process4791278907675617280properties
2017.09.18 19:41:17 INFO  app[][o.s.a.SchedulerImpl] Process[web] is up
2017.09.18 19:41:17 INFO  app[][o.s.a.p.JavaProcessLauncherImpl] Launch process[ce]: /Library/Java/JavaVirtualMachines/jdk1.8.0_144.jdk/Contents/Home/jre/bin/java -Djava.awt.headless=true -Dfile.encoding=UTF-8 -Xmx512m -Xms128m -XX:+HeapDumpOnOutOfMemoryError -Djava.io.tmpdir=/Users/hbao/code/workshop/DockerTest/webdemo/sonarqube-6.5/temp -cp ./lib/common/*:./lib/server/*:./lib/ce/*:/Users/hbao/code/workshop/DockerTest/webdemo/sonarqube-6.5/lib/jdbc/h2/h2-1.3.176.jar org.sonar.ce.app.CeServer /Users/hbao/code/workshop/DockerTest/webdemo/sonarqube-6.5/temp/sq-process3422511079572623709properties
2017.09.18 19:41:20 INFO  app[][o.s.a.SchedulerImpl] Process[ce] is up
2017.09.18 19:41:20 INFO  app[][o.s.a.SchedulerImpl] SonarQube is up
2017.09.18 19:54:23 INFO  app[][o.s.a.SchedulerImpl] Process [es] is stopped
2017.09.18 19:54:24 INFO  app[][o.s.a.SchedulerImpl] Process [ce] is stopped
2017.09.18 19:54:25 INFO  app[][o.s.a.SchedulerImpl] Process [web] is stopped
2017.09.18 19:54:25 INFO  app[][o.s.a.SchedulerImpl] SonarQube is stopped
<-- Wrapper Stopped
