2017.09.18 18:56:52 INFO  web[][o.s.s.n.NotificationDaemon] Notification service stopped
2017.09.18 18:56:52 INFO  web[][o.s.s.p.d.EmbeddedDatabase] Embedded database stopped
2017.09.18 19:41:08 INFO  web[][o.s.p.ProcessEntryPoint] Starting web
2017.09.18 19:41:08 INFO  web[][o.a.t.u.n.NioSelectorPool] Using a shared selector for servlet write/read
2017.09.18 19:41:09 INFO  web[][o.e.plugins] [Numinus] modules [], plugins [], sites []
2017.09.18 19:41:09 INFO  web[][o.s.s.e.EsClientProvider] Connected to local Elasticsearch: [127.0.0.1:9001]
2017.09.18 19:41:09 INFO  web[][o.s.s.p.LogServerVersion] SonarQube Server / 6.5.0.27846 / ef2ca5b33e5795b841d45e0b20fef3cb90391719
2017.09.18 19:41:10 INFO  web[][o.s.s.p.d.EmbeddedDatabase] Starting embedded database on port 9092 with url jdbc:h2:tcp://127.0.0.1:9092/sonar
2017.09.18 19:41:10 INFO  web[][o.s.s.p.d.EmbeddedDatabase] Embedded database started. Data stored in: /Users/hbao/code/workshop/DockerTest/webdemo/sonarqube-6.5/data
2017.09.18 19:41:10 INFO  web[][o.sonar.db.Database] Create JDBC data source for jdbc:h2:tcp://127.0.0.1:9092/sonar
2017.09.18 19:41:10 WARN  web[][o.s.d.DatabaseChecker] H2 database should be used for evaluation purpose only
2017.09.18 19:41:10 INFO  web[][o.s.s.p.ServerFileSystemImpl] SonarQube home: /Users/hbao/code/workshop/DockerTest/webdemo/sonarqube-6.5
2017.09.18 19:41:11 INFO  web[][o.s.s.p.ServerPluginRepository] Deploy plugin C# / 5.10.1.1411 / 748a97f89a5327cbea5cfe1f8aebe87d073c74a0
2017.09.18 19:41:11 INFO  web[][o.s.s.p.ServerPluginRepository] Deploy plugin Flex / 2.3 / 79167f762219bea1fd181ff5ef6ca4b34abd1675
2017.09.18 19:41:11 INFO  web[][o.s.s.p.ServerPluginRepository] Deploy plugin Git / 1.2 / a713dd64daf8719ba4e7f551f9a1966c62690c17
2017.09.18 19:41:11 INFO  web[][o.s.s.p.ServerPluginRepository] Deploy plugin SVN / 1.5.0.715 / 0210a6f08400da8cab1a20e118ee3c97f8847ee4
2017.09.18 19:41:11 INFO  web[][o.s.s.p.ServerPluginRepository] Deploy plugin SonarJS / 3.1.1.5128 / 564d130c281685fde03e85964417158e32a17b2b
2017.09.18 19:41:11 INFO  web[][o.s.s.p.ServerPluginRepository] Deploy plugin SonarJava / 4.12.0.11033 / fa9fe66b0cb1b6ab8d7f341cc1f7908897a9cf33
2017.09.18 19:41:11 INFO  web[][o.s.s.p.ServerPluginRepository] Deploy plugin SonarPHP / 2.10.0.2087 / b24a8fcb16d37cae2f8c6741141f4136c444851f
2017.09.18 19:41:11 INFO  web[][o.s.s.p.ServerPluginRepository] Deploy plugin SonarPython / 1.8.0.1496 / 3fe3bc4d0273a5721ea2fb368dc45b1bb82fede3
2017.09.18 19:41:11 INFO  web[][o.s.s.p.ServerPluginRepository] Deploy plugin SonarXML / 1.4.3.1027 / 39588245cecf538bb27be4e496ff303b0143d20b
2017.09.18 19:41:12 INFO  web[][o.s.s.p.w.MasterServletFilter] Initializing servlet filter org.sonar.server.ws.WebServiceFilter@65f4af25 [pattern=UrlPattern{inclusions=[/api/system/migrate_db/*, ...], exclusions=[/api/properties*, ...]}]
2017.09.18 19:41:12 INFO  web[][o.s.s.a.EmbeddedTomcat] HTTP connector enabled on port 9000
2017.09.18 19:41:12 INFO  web[][o.s.s.p.UpdateCenterClient] Update center: https://update.sonarsource.org/update-center.properties (no proxy)
2017.09.18 19:41:13 INFO  web[][o.s.s.n.NotificationDaemon] Notification service started (delay 60 sec.)
2017.09.18 19:41:13 INFO  web[][o.s.s.s.RegisterMetrics] Register metrics
2017.09.18 19:41:13 INFO  web[][o.s.s.r.RegisterRules] Register rules
2017.09.18 19:41:15 INFO  web[][o.s.s.q.BuiltInQProfileRepositoryImpl] Load quality profiles
2017.09.18 19:41:15 INFO  web[][o.s.s.q.RegisterQualityProfiles] Register quality profiles
2017.09.18 19:41:15 INFO  web[][o.s.s.q.RegisterQualityProfiles] Update profile cs/Sonar way
2017.09.18 19:41:16 INFO  web[][o.s.s.q.RegisterQualityProfiles] Update profile java/Sonar way
2017.09.18 19:41:16 INFO  web[][o.s.s.q.RegisterQualityProfiles] Update profile flex/Sonar way
2017.09.18 19:41:16 INFO  web[][o.s.s.q.RegisterQualityProfiles] Update profile xml/Sonar way
2017.09.18 19:41:16 INFO  web[][o.s.s.q.RegisterQualityProfiles] Update profile py/Sonar way
2017.09.18 19:41:16 INFO  web[][o.s.s.q.RegisterQualityProfiles] Update profile php/Sonar way
2017.09.18 19:41:16 INFO  web[][o.s.s.q.RegisterQualityProfiles] Update profile php/PSR-2
2017.09.18 19:41:16 INFO  web[][o.s.s.q.RegisterQualityProfiles] Update profile php/Drupal
2017.09.18 19:41:16 INFO  web[][o.s.s.q.RegisterQualityProfiles] Update profile js/Sonar way Recommended
2017.09.18 19:41:17 INFO  web[][o.s.s.q.RegisterQualityProfiles] Update profile js/Sonar way
2017.09.18 19:41:17 INFO  web[][o.s.s.s.RegisterPermissionTemplates] Register permission templates
2017.09.18 19:41:17 INFO  web[][o.s.s.s.RenameDeprecatedPropertyKeys] Rename deprecated property keys
2017.09.18 19:41:17 INFO  web[][o.s.s.p.w.MasterServletFilter] Initializing servlet filter org.sonar.server.ws.WebServiceFilter@717273b [pattern=UrlPattern{inclusions=[/api/measures/component/*, ...], exclusions=[/api/properties*, ...]}]
2017.09.18 19:41:17 INFO  web[][o.s.s.p.w.MasterServletFilter] Initializing servlet filter org.sonar.server.ws.DeprecatedPropertiesWsFilter@55b3e20a [pattern=UrlPattern{inclusions=[/api/properties/*], exclusions=[]}]
2017.09.18 19:41:17 INFO  web[][o.s.s.p.w.MasterServletFilter] Initializing servlet filter org.sonar.server.ws.WebServiceReroutingFilter@2bc268f6 [pattern=UrlPattern{inclusions=[/api/components/bulk_update_key, ...], exclusions=[]}]
2017.09.18 19:41:17 INFO  web[][o.s.s.p.w.MasterServletFilter] Initializing servlet filter org.sonar.server.authentication.InitFilter@62747e63 [pattern=UrlPattern{inclusions=[/sessions/init/*], exclusions=[]}]
2017.09.18 19:41:17 INFO  web[][o.s.s.p.w.MasterServletFilter] Initializing servlet filter org.sonar.server.authentication.OAuth2CallbackFilter@617d5916 [pattern=UrlPattern{inclusions=[/oauth2/callback/*], exclusions=[]}]
2017.09.18 19:41:17 INFO  web[][o.s.s.p.w.MasterServletFilter] Initializing servlet filter org.sonar.server.authentication.ws.LoginAction@1a4bb9b7 [pattern=UrlPattern{inclusions=[/api/authentication/login], exclusions=[]}]
2017.09.18 19:41:17 INFO  web[][o.s.s.p.w.MasterServletFilter] Initializing servlet filter org.sonar.server.authentication.ws.LogoutAction@4814d96b [pattern=UrlPattern{inclusions=[/api/authentication/logout], exclusions=[]}]
2017.09.18 19:41:17 INFO  web[][o.s.s.p.w.MasterServletFilter] Initializing servlet filter org.sonar.server.authentication.ws.ValidateAction@3e778061 [pattern=UrlPattern{inclusions=[/api/authentication/validate], exclusions=[]}]
2017.09.18 19:41:17 INFO  web[][o.s.s.n.NotificationDaemon] Notification service started (delay 60 sec.)
2017.09.18 19:41:17 INFO  web[][o.s.s.n.NotificationDaemon] Notification service stopped
2017.09.18 19:41:17 INFO  web[][o.s.s.p.Platform] WebServer is operational
2017.09.18 19:54:23 INFO  web[][o.s.s.n.NotificationDaemon] Notification service stopped
2017.09.18 19:54:23 INFO  web[][o.s.s.p.d.EmbeddedDatabase] Embedded database stopped
